0 info it worked if it ends with ok
1 verbose cli [ 'nodejs', '/usr/bin/npm', 'install', '-g', 'node-inspector' ]
2 info using npm@1.1.66
3 info using node@v0.8.15
4 verbose read json /usr/lib/package.json
5 verbose read json /usr/lib/package.json
6 verbose cache add [ 'node-inspector', null ]
7 silly cache add name=undefined spec="node-inspector" args=["node-inspector",null]
8 verbose parsed url { pathname: 'node-inspector',
8 verbose parsed url   path: 'node-inspector',
8 verbose parsed url   href: 'node-inspector' }
9 silly lockFile 4198ef9e-node-inspector node-inspector
10 verbose lock node-inspector /home/nikhil/.npm/4198ef9e-node-inspector.lock
11 silly lockFile 4198ef9e-node-inspector node-inspector
12 verbose addNamed [ 'node-inspector', '' ]
13 verbose addNamed [ null, '' ]
14 silly lockFile e68b88da-node-inspector node-inspector@
15 verbose lock node-inspector@ /home/nikhil/.npm/e68b88da-node-inspector.lock
16 silly addNameRange { name: 'node-inspector', range: '', hasData: false }
17 verbose url raw node-inspector
18 verbose url resolving [ 'https://registry.npmjs.org/', './node-inspector' ]
19 verbose url resolved https://registry.npmjs.org/node-inspector
20 info trying registry request attempt 1 at 20:37:57
21 verbose etag "6XLQ1BVCSIFCS26GME3318FVD"
22 http GET https://registry.npmjs.org/node-inspector
23 http 304 https://registry.npmjs.org/node-inspector
24 silly registry.get cb [ 304,
24 silly registry.get   { server: 'CouchDB/1.2.0 (Erlang OTP/R15B)',
24 silly registry.get     etag: '"6XLQ1BVCSIFCS26GME3318FVD"',
24 silly registry.get     date: 'Thu, 13 Dec 2012 01:37:06 GMT',
24 silly registry.get     'content-length': '0' } ]
25 verbose etag node-inspector from cache
26 silly addNameRange number 2 { name: 'node-inspector', range: '', hasData: true }
27 silly addNameRange versions [ 'node-inspector',
27 silly addNameRange   [ '0.0.1',
27 silly addNameRange     '0.0.2',
27 silly addNameRange     '0.0.3',
27 silly addNameRange     '0.0.4',
27 silly addNameRange     '0.1.0',
27 silly addNameRange     '0.1.1',
27 silly addNameRange     '0.1.2',
27 silly addNameRange     '0.1.3',
27 silly addNameRange     '0.1.4',
27 silly addNameRange     '0.1.5',
27 silly addNameRange     '0.1.6',
27 silly addNameRange     '0.1.7',
27 silly addNameRange     '0.1.8',
27 silly addNameRange     '0.1.9',
27 silly addNameRange     '0.1.10',
27 silly addNameRange     '0.2.0beta1',
27 silly addNameRange     '0.2.0beta2',
27 silly addNameRange     '0.2.0beta3' ] ]
28 verbose addNamed [ 'node-inspector', '0.2.0beta3' ]
29 verbose addNamed [ '0.2.0beta3', '0.2.0beta3' ]
30 silly lockFile 4109c2e9-node-inspector-0-2-0beta3 node-inspector@0.2.0beta3
31 verbose lock node-inspector@0.2.0beta3 /home/nikhil/.npm/4109c2e9-node-inspector-0-2-0beta3.lock
32 verbose read json /home/nikhil/.npm/node-inspector/0.2.0beta3/package/package.json
33 silly lockFile 4109c2e9-node-inspector-0-2-0beta3 node-inspector@0.2.0beta3
34 silly lockFile e68b88da-node-inspector node-inspector@
35 silly resolved [ { name: 'node-inspector',
35 silly resolved     version: '0.2.0beta3',
35 silly resolved     description: 'Web Inspector based nodeJS debugger',
35 silly resolved     homepage: 'http://github.com/dannycoates/node-inspector',
35 silly resolved     author: { name: 'Danny Coates', email: 'dannycoates@gmail.com' },
35 silly resolved     keywords: [ 'debug', 'debugger', 'inspector', 'profiler' ],
35 silly resolved     repository:
35 silly resolved      { type: 'git',
35 silly resolved        url: 'http://github.com/dannycoates/node-inspector.git' },
35 silly resolved     engines: { node: '>=0.6.0' },
35 silly resolved     bin: { 'node-inspector': './bin/inspector.js' },
35 silly resolved     dependencies: { 'socket.io': '~0.9', connect: '~1.8.5', async: '~0.1' },
35 silly resolved     preferGlobal: true,
35 silly resolved     readme: 'Node Inspector is a debugger interface for nodeJS using the WebKit Web Inspector.\n\n## Getting Started\n\n### Requirements\n\n* [nodeJS](http://github.com/ry/node)\n  - versions: 0.3.0 or later\n* [npm](http://github.com/isaacs/npm)\n* A WebKit based browser: Chrome, Safari, etc.\n\n* Optional [v8-profiler](http://github.com/dannycoates/v8-profiler) to use the profiles panel\n\n### Install\n\n* With [npm](http://github.com/isaacs/npm)\n\n        $ npm install -g node-inspector\n\n### Enable debug mode\n\nTo use node-inspector, enable debugging on the node you wish to debug.\nYou can either start node with a debug flag like:\n\n    $ node --debug your/node/program.js\n\nor, to pause your script on the first line:\n\n    $ node --debug-brk your/short/node/script.js\n\nOr you can enable debugging on a node that is already running by sending\nit a signal:\n\n1. Get the PID of the node process using your favorite method. `pgrep` or `ps -ef` are good\n\n\t\t$ pgrep -l node\n\t\t2345 node your/node/server.js\n\n2. Send it the USR1 signal\n\n\t\t$ kill -s USR1 2345\n\nGreat! Now you are ready to attach node-inspector\n\n### Debugging\n\n1. start the inspector. I usually put it in the background\n\n\t\t$ node-inspector &\n\n2. open http://127.0.0.1:8080/debug?port=5858 in your favorite WebKit based browser\n\n3. you should now see the javascript source from node. If you don\'t, click the scripts tab.\n\n4. select a script and set some breakpoints (far left line numbers)\n\n5. then watch the [screencasts](http://www.youtube.com/view_play_list?p=A5216AC29A41EFA8)\n\nFor more information on getting started see the [wiki](http://github.com/dannycoates/node-inspector/wiki/Getting-Started---from-scratch)\n\nnode-inspector works almost exactly like the web inspector in Safari and\nChrome. Here\'s a good [overview](http://code.google.com/chrome/devtools/docs/scripts.html) of the UI\n\n## FAQ / WTF\n\n1. I don\'t see one of my script files in the file list.\n\n    > try refreshing the browser (F5 or command-r)\n\n2. My script runs too fast to attach the debugger.\n\n    > use `--debug-brk` to pause the script on the first line\n\n3. I got the ui in a weird state.\n\n    > when in doubt, refresh\n    \n4. Can I debug remotely?\n\n    > Yes. node-inspector must be running on the same machine, but your browser can be anywhere. Just make sure port 8080 is accessible\n\n## Inspector options\n\n    --web-port=[port]     port to host the inspector (default 8080)\n\n## Cool stuff\n\n* the WebKit Web Inspector debugger is a great js debugger interface, it works just as well for node\n* uses WebSockets, so no polling for breaks\n* remote debugging\n* javascript top to bottom :)\n* [edit running code](http://github.com/dannycoates/node-inspector/wiki/LiveEdit)\n\n## Known Issues\n\nThis is beta quality code, so use at your own risk:\n\n* be careful about viewing the contents of Buffer objects, each byte is displayed as an individual array element, for anything but tiny Buffers this will take too long to render\n* while not stopped at a breakpoint the console doesn\'t always behave as you might expect\n\n## Profiling\n\n**VERY EXPERIMENTAL**\nI don\'t recommend using this yet\n\nTo use the profiles panel, install the v8-profiler module:\n\n    npm install v8-profiler\n\nTo use it do something like:\n\n```javascript\nvar profiler = require(\'v8-profiler\');\n\nprofiler.startProfiling(\'startup\');\nslowStartupFoo();\nprofiler.stopProfiling(\'startup\');\n\nprofiler.takeSnapshot(\'beforeLeak\');\nleakyFoo();\nprofiler.takeSnapshot(\'afterLeak\');\n```\n\nThen view the profiling results with the profiles panel in node-inspector. You can\nalso take heap snapshots on demand from the profiles panel.\n\n## Thanks\n\nThis project respectfully uses code from and thanks the authors of:\n\n* [WebKit](http://webkit.org/building/checkout.html)\n* [node](http://github.com/ry/node)\n* [socket.io](http://github.com/LearnBoost/socket.io)\n* [node-paperboy](http://github.com/felixge/node-paperboy)\n\n\n',
35 silly resolved     readmeFilename: 'readme.md',
35 silly resolved     _id: 'node-inspector@0.2.0beta3',
35 silly resolved     _from: 'node-inspector' } ]
36 info install node-inspector@0.2.0beta3 into /usr/lib
37 info installOne node-inspector@0.2.0beta3
38 verbose from cache /home/nikhil/.npm/node-inspector/0.2.0beta3/package/package.json
39 info /usr/lib/node_modules/node-inspector unbuild
40 verbose read json /usr/lib/node_modules/node-inspector/package.json
41 info preuninstall node-inspector@0.2.0beta3
42 info uninstall node-inspector@0.2.0beta3
43 verbose true,/usr/lib/node_modules,/usr/lib/node_modules unbuild node-inspector@0.2.0beta3
44 verbose /usr/bin,[object Object] binRoot
45 info /usr/lib/node_modules/node-inspector unbuild
46 verbose read json /usr/lib/node_modules/node-inspector/package.json
47 info preuninstall node-inspector@0.2.0beta3
48 info uninstall node-inspector@0.2.0beta3
49 verbose true,/usr/lib/node_modules,/usr/lib/node_modules unbuild node-inspector@0.2.0beta3
50 verbose /usr/bin,[object Object] binRoot
51 error error rolling back Error: EACCES, unlink '/usr/bin/node-inspector'
51 error error rolling back  node-inspector@0.2.0beta3 { [Error: EACCES, unlink '/usr/bin/node-inspector'] errno: 3, code: 'EACCES', path: '/usr/bin/node-inspector' }
52 error Error: EACCES, unlink '/usr/bin/node-inspector'
52 error  { [Error: EACCES, unlink '/usr/bin/node-inspector'] errno: 3, code: 'EACCES', path: '/usr/bin/node-inspector' }
53 error Please try running this command again as root/Administrator.
54 error System Linux 3.2.0-33-generic
55 error command "nodejs" "/usr/bin/npm" "install" "-g" "node-inspector"
56 error cwd /home/nikhil/Documents/15237/termproject/termproj15237/nikhil
57 error node -v v0.8.15
58 error npm -v 1.1.66
59 error path /usr/bin/node-inspector
60 error code EACCES
61 error errno 3
62 error stack Error: EACCES, unlink '/usr/bin/node-inspector'
63 verbose exit [ 3, true ]
